#0 building with "desktop-linux" instance using docker driver

#1 [internal] load build definition from Dockerfile
#1 transferring dockerfile:
#1 transferring dockerfile: 1.94kB 0.2s done
#1 DONE 1.6s

#2 [internal] load metadata for docker.io/library/php:8.4-fpm-alpine
#2 ...

#3 [internal] load metadata for docker.io/library/php:8.4-alpine
#3 DONE 3.8s

#2 [internal] load metadata for docker.io/library/php:8.4-fpm-alpine
#2 DONE 3.8s

#4 [internal] load metadata for docker.io/library/composer:latest
#4 DONE 4.0s

#5 [internal] load .dockerignore
#5 transferring context:
#5 transferring context: 726B 0.1s done
#5 DONE 0.3s

#6 [stage-1  1/13] FROM docker.io/library/php:8.4-fpm-alpine@sha256:38c3275e8d8fe1b395dd81dccdbdbec6b0fa1fa318e2391c4ad98eae3b6dc0e3
#6 resolve docker.io/library/php:8.4-fpm-alpine@sha256:38c3275e8d8fe1b395dd81dccdbdbec6b0fa1fa318e2391c4ad98eae3b6dc0e3 0.0s done
#6 DONE 0.0s

#7 [build-assets 1/8] FROM docker.io/library/php:8.4-alpine@sha256:35d2128457116c6842350c3aad3ecd123755f69e75efb047acfd6275625496e4
#7 resolve docker.io/library/php:8.4-alpine@sha256:35d2128457116c6842350c3aad3ecd123755f69e75efb047acfd6275625496e4 0.0s done
#7 DONE 0.0s

#8 FROM docker.io/library/composer:latest@sha256:743aebe48ca67097c36819040633ea77e44a561eca135e4fc84c002e63a1ba07
#8 resolve docker.io/library/composer:latest@sha256:743aebe48ca67097c36819040633ea77e44a561eca135e4fc84c002e63a1ba07 0.0s done
#8 CACHED

#9 [build-assets 3/8] WORKDIR /app
#9 CACHED

#10 [internal] load build context
#10 transferring context: 1.47MB 3.7s done
#10 DONE 3.8s

#11 [build-assets 4/8] COPY . .
#11 DONE 1.4s

#12 [build-assets 5/8] COPY --from=composer:latest /usr/bin/composer /usr/bin/composer
#12 DONE 0.5s

#13 [build-assets 6/8] RUN composer install --no-dev --no-scripts
#13 4.222 Installing dependencies from lock file
#13 4.245 Verifying lock file contents can be installed on current platform.
#13 4.331 Package operations: 85 installs, 0 updates, 0 removals
#13 4.351   - Downloading dasprid/enum (1.0.7)
#13 4.358   - Downloading doctrine/inflector (2.1.0)
#13 4.359   - Downloading doctrine/lexer (3.0.1)
#13 4.365   - Downloading dragonmantank/cron-expression (v3.6.0)
#13 4.371   - Downloading symfony/deprecation-contracts (v3.6.0)
#13 4.374   - Downloading psr/container (2.0.2)
#13 4.380   - Downloading fakerphp/faker (v1.24.1)
#13 4.381   - Downloading symfony/polyfill-mbstring (v1.33.0)
#13 4.384   - Downloading symfony/http-foundation (v7.4.7)
#13 4.388   - Downloading fruitcake/php-cors (v1.4.0)
#13 4.392   - Downloading psr/http-message (2.0)
#13 4.396   - Downloading psr/http-client (1.0.3)
#13 4.401   - Downloading ralouphie/getallheaders (3.0.3)
#13 4.403   - Downloading psr/http-factory (1.1.0)
#13 4.408   - Downloading guzzlehttp/psr7 (2.9.0)
#13 4.409   - Downloading guzzlehttp/promises (2.3.0)
#13 4.411   - Downloading guzzlehttp/guzzle (7.10.0)
#13 4.411   - Downloading symfony/polyfill-php80 (v1.33.0)
#13 4.413   - Downloading guzzlehttp/uri-template (v1.0.5)
#13 4.413   - Downloading symfony/polyfill-intl-normalizer (v1.33.0)
#13 4.417   - Downloading symfony/polyfill-intl-grapheme (v1.33.0)
#13 4.418   - Downloading symfony/polyfill-ctype (v1.33.0)
#13 4.420   - Downloading symfony/string (v8.0.6)
#13 4.422   - Downloading symfony/service-contracts (v3.6.1)
#13 4.422   - Downloading symfony/console (v7.4.7)
#13 4.426   - Downloading voku/portable-ascii (2.0.3)
#13 4.430   - Downloading phpoption/phpoption (1.9.5)
#13 4.434   - Downloading graham-campbell/result-type (v1.1.4)
#13 4.438   - Downloading vlucas/phpdotenv (v5.6.3)
#13 4.441   - Downloading symfony/css-selector (v8.0.6)
#13 4.447   - Downloading tijsverkoyen/css-to-inline-styles (v2.4.0)
#13 4.449   - Downloading symfony/var-dumper (v7.4.6)
#13 4.451   - Downloading symfony/polyfill-uuid (v1.33.0)
#13 4.454   - Downloading symfony/uid (v7.4.4)
#13 4.458   - Downloading symfony/routing (v7.4.6)
#13 4.462   - Downloading symfony/process (v7.4.5)
#13 4.466   - Downloading symfony/polyfill-php85 (v1.33.0)
#13 4.468   - Downloading symfony/polyfill-php84 (v1.33.0)
#13 4.469   - Downloading symfony/polyfill-php83 (v1.33.0)
#13 4.471   - Downloading symfony/polyfill-intl-idn (v1.33.0)
#13 4.473   - Downloading symfony/mime (v7.4.7)
#13 4.475   - Downloading psr/event-dispatcher (1.0.0)
#13 4.477   - Downloading symfony/event-dispatcher-contracts (v3.6.0)
#13 4.479   - Downloading symfony/event-dispatcher (v8.0.4)
#13 4.481   - Downloading psr/log (3.0.2)
#13 4.483   - Downloading egulias/email-validator (4.0.4)
#13 4.485   - Downloading symfony/mailer (v7.4.6)
#13 4.488   - Downloading symfony/error-handler (v7.4.4)
#13 4.489   - Downloading symfony/http-kernel (v7.4.7)
#13 4.492   - Downloading symfony/finder (v7.4.6)
#13 4.497   - Downloading ramsey/collection (2.1.1)
#13 4.500   - Downloading brick/math (0.14.8)
#13 4.503   - Downloading ramsey/uuid (4.9.2)
#13 4.505   - Downloading psr/simple-cache (3.0.0)
#13 4.508   - Downloading nunomaduro/termwind (v2.4.0)
#13 4.510   - Downloading symfony/translation-contracts (v3.6.1)
#13 4.511   - Downloading symfony/translation (v8.0.6)
#13 4.513   - Downloading psr/clock (1.0.0)
#13 4.515   - Downloading symfony/clock (v8.0.0)
#13 4.518   - Downloading carbonphp/carbon-doctrine-types (3.2.0)
#13 4.521   - Downloading nesbot/carbon (3.11.3)
#13 4.526   - Downloading monolog/monolog (3.10.0)
#13 4.528   - Downloading league/uri-interfaces (7.8.0)
#13 4.530   - Downloading league/uri (7.8.0)
#13 4.534   - Downloading league/mime-type-detection (1.16.0)
#13 4.536   - Downloading league/flysystem-local (3.31.0)
#13 4.538   - Downloading league/flysystem (3.32.0)
#13 4.542   - Downloading nette/utils (v4.1.3)
#13 4.545   - Downloading nette/schema (v1.3.5)
#13 4.550   - Downloading dflydev/dot-access-data (v3.0.3)
#13 4.551   - Downloading league/config (v1.2.0)
#13 4.552   - Downloading league/commonmark (2.8.1)
#13 4.556   - Downloading laravel/serializable-closure (v2.0.10)
#13 4.559   - Downloading laravel/prompts (v0.3.14)
#13 4.561   - Downloading laravel/framework (v12.54.1)
#13 4.565   - Downloading inertiajs/inertia-laravel (v2.0.22)
#13 4.570   - Downloading paragonie/constant_time_encoding (v3.1.3)
#13 4.576   - Downloading pragmarx/google2fa (v9.0.0)
#13 4.580   - Downloading bacon/bacon-qr-code (v3.0.3)
#13 4.582   - Downloading laravel/fortify (v1.36.1)
#13 4.587   - Downloading nikic/php-parser (v5.7.0)
#13 4.590   - Downloading psy/psysh (v0.12.21)
#13 4.591   - Downloading laravel/tinker (v2.11.1)
#13 4.594   - Downloading phpstan/phpdoc-parser (2.3.2)
#13 4.596   - Downloading laravel/wayfinder (v0.1.14)
#13 4.665   0/85 [>---------------------------]   0%
#13 7.333   3/85 [>---------------------------]   3%
#13 7.644  10/85 [===>------------------------]  11%
#13 9.276  12/85 [===>------------------------]  14%
#13 9.602  22/85 [=======>--------------------]  25%
#13 10.36  28/85 [=========>------------------]  32%
#13 10.89  34/85 [===========>----------------]  40%
#13 11.43  45/85 [==============>-------------]  52%
#13 11.57  53/85 [=================>----------]  62%
#13 12.29  64/85 [=====================>------]  75%
#13 12.60  69/85 [======================>-----]  81%
#13 13.17  77/85 [=========================>--]  90%
#13 14.36  85/85 [============================] 100%
#13 14.40   - Installing dasprid/enum (1.0.7): Extracting archive
#13 14.46   - Installing doctrine/inflector (2.1.0): Extracting archive
#13 14.48   - Installing doctrine/lexer (3.0.1): Extracting archive
#13 14.49   - Installing dragonmantank/cron-expression (v3.6.0): Extracting archive
#13 14.51   - Installing symfony/deprecation-contracts (v3.6.0): Extracting archive
#13 14.53   - Installing psr/container (2.0.2): Extracting archive
#13 14.55   - Installing fakerphp/faker (v1.24.1): Extracting archive
#13 14.56   - Installing symfony/polyfill-mbstring (v1.33.0): Extracting archive
#13 14.59   - Installing symfony/http-foundation (v7.4.7): Extracting archive
#13 14.62   - Installing fruitcake/php-cors (v1.4.0): Extracting archive
#13 14.65   - Installing psr/http-message (2.0): Extracting archive
#13 14.66   - Installing psr/http-client (1.0.3): Extracting archive
#13 14.69   - Installing ralouphie/getallheaders (3.0.3): Extracting archive
#13 14.70   - Installing psr/http-factory (1.1.0): Extracting archive
#13 14.73   - Installing guzzlehttp/psr7 (2.9.0): Extracting archive
#13 14.75   - Installing guzzlehttp/promises (2.3.0): Extracting archive
#13 14.77   - Installing guzzlehttp/guzzle (7.10.0): Extracting archive
#13 14.79   - Installing symfony/polyfill-php80 (v1.33.0): Extracting archive
#13 14.80   - Installing guzzlehttp/uri-template (v1.0.5): Extracting archive
#13 14.81   - Installing symfony/polyfill-intl-normalizer (v1.33.0): Extracting archive
#13 14.83   - Installing symfony/polyfill-intl-grapheme (v1.33.0): Extracting archive
#13 14.84   - Installing symfony/polyfill-ctype (v1.33.0): Extracting archive
#13 14.85   - Installing symfony/string (v8.0.6): Extracting archive
#13 14.86   - Installing symfony/service-contracts (v3.6.1): Extracting archive
#13 14.87   - Installing symfony/console (v7.4.7): Extracting archive
#13 14.87   - Installing voku/portable-ascii (2.0.3): Extracting archive
#13 14.88   - Installing phpoption/phpoption (1.9.5): Extracting archive
#13 14.88   - Installing graham-campbell/result-type (v1.1.4): Extracting archive
#13 14.89   - Installing vlucas/phpdotenv (v5.6.3): Extracting archive
#13 14.89   - Installing symfony/css-selector (v8.0.6): Extracting archive
#13 14.90   - Installing tijsverkoyen/css-to-inline-styles (v2.4.0): Extracting archive
#13 14.90   - Installing symfony/var-dumper (v7.4.6): Extracting archive
#13 14.91   - Installing symfony/polyfill-uuid (v1.33.0): Extracting archive
#13 14.92   - Installing symfony/uid (v7.4.4): Extracting archive
#13 14.93   - Installing symfony/routing (v7.4.6): Extracting archive
#13 14.94   - Installing symfony/process (v7.4.5): Extracting archive
#13 14.95   - Installing symfony/polyfill-php85 (v1.33.0): Extracting archive
#13 14.96   - Installing symfony/polyfill-php84 (v1.33.0): Extracting archive
#13 14.96   - Installing symfony/polyfill-php83 (v1.33.0): Extracting archive
#13 14.97   - Installing symfony/polyfill-intl-idn (v1.33.0): Extracting archive
#13 14.97   - Installing symfony/mime (v7.4.7): Extracting archive
#13 14.98   - Installing psr/event-dispatcher (1.0.0): Extracting archive
#13 14.98   - Installing symfony/event-dispatcher-contracts (v3.6.0): Extracting archive
#13 14.99   - Installing symfony/event-dispatcher (v8.0.4): Extracting archive
#13 14.99   - Installing psr/log (3.0.2): Extracting archive
#13 15.00   - Installing egulias/email-validator (4.0.4): Extracting archive
#13 15.01   - Installing symfony/mailer (v7.4.6): Extracting archive
#13 15.01   - Installing symfony/error-handler (v7.4.4): Extracting archive
#13 15.02   - Installing symfony/http-kernel (v7.4.7): Extracting archive
#13 15.02   - Installing symfony/finder (v7.4.6): Extracting archive
#13 15.03   - Installing ramsey/collection (2.1.1): Extracting archive
#13 15.03   - Installing brick/math (0.14.8): Extracting archive
#13 15.04   - Installing ramsey/uuid (4.9.2): Extracting archive
#13 15.04   - Installing psr/simple-cache (3.0.0): Extracting archive
#13 15.05   - Installing nunomaduro/termwind (v2.4.0): Extracting archive
#13 15.06   - Installing symfony/translation-contracts (v3.6.1): Extracting archive
#13 15.06   - Installing symfony/translation (v8.0.6): Extracting archive
#13 15.07   - Installing psr/clock (1.0.0): Extracting archive
#13 15.07   - Installing symfony/clock (v8.0.0): Extracting archive
#13 15.08   - Installing carbonphp/carbon-doctrine-types (3.2.0): Extracting archive
#13 15.08   - Installing nesbot/carbon (3.11.3): Extracting archive
#13 15.09   - Installing monolog/monolog (3.10.0): Extracting archive
#13 15.10   - Installing league/uri-interfaces (7.8.0): Extracting archive
#13 15.10   - Installing league/uri (7.8.0): Extracting archive
#13 15.11   - Installing league/mime-type-detection (1.16.0): Extracting archive
#13 15.11   - Installing league/flysystem-local (3.31.0): Extracting archive
#13 15.12   - Installing league/flysystem (3.32.0): Extracting archive
#13 15.13   - Installing nette/utils (v4.1.3): Extracting archive
#13 15.13   - Installing nette/schema (v1.3.5): Extracting archive
#13 15.13   - Installing dflydev/dot-access-data (v3.0.3): Extracting archive
#13 15.14   - Installing league/config (v1.2.0): Extracting archive
#13 15.14   - Installing league/commonmark (2.8.1): Extracting archive
#13 15.15   - Installing laravel/serializable-closure (v2.0.10): Extracting archive
#13 15.15   - Installing laravel/prompts (v0.3.14): Extracting archive
#13 15.16   - Installing laravel/framework (v12.54.1): Extracting archive
#13 15.16   - Installing inertiajs/inertia-laravel (v2.0.22): Extracting archive
#13 15.17   - Installing paragonie/constant_time_encoding (v3.1.3): Extracting archive
#13 15.17   - Installing pragmarx/google2fa (v9.0.0): Extracting archive
#13 15.18   - Installing bacon/bacon-qr-code (v3.0.3): Extracting archive
#13 15.18   - Installing laravel/fortify (v1.36.1): Extracting archive
#13 15.19   - Installing nikic/php-parser (v5.7.0): Extracting archive
#13 15.19   - Installing psy/psysh (v0.12.21): Extracting archive
#13 15.19   - Installing laravel/tinker (v2.11.1): Extracting archive
#13 15.20   - Installing phpstan/phpdoc-parser (2.3.2): Extracting archive
#13 15.20   - Installing laravel/wayfinder (v0.1.14): Extracting archive
#13 15.25   0/85 [>---------------------------]   0%
#13 15.30   9/85 [==>-------------------------]  10%
#13 15.52  17/85 [=====>----------------------]  20%
#13 15.74  27/85 [========>-------------------]  31%
#13 16.05  35/85 [===========>----------------]  41%
#13 16.59  43/85 [==============>-------------]  50%
#13 16.91  54/85 [=================>----------]  63%
#13 17.31  61/85 [====================>-------]  71%
#13 17.52  68/85 [======================>-----]  80%
#13 18.42  77/85 [=========================>--]  90%
#13 19.43  80/85 [==========================>-]  94%
#13 21.13  81/85 [==========================>-]  95%
#13 22.14  84/85 [===========================>]  98%
#13 22.95  85/85 [============================] 100%
#13 23.57 Generating optimized autoload files
#13 25.82 53 packages you are using are looking for funding.
#13 25.82 Use the `composer fund` command to find out more!
#13 DONE 27.0s

#14 [build-assets 7/8] RUN cp .env.example .env || touch .env
#14 DONE 0.8s

#15 [build-assets 8/8] RUN npm ci && npm run build
#15 2.634 npm warn Unknown project config "public-hoist-pattern". This will stop working in the next major version of npm. See `npm help npmrc` for supported config options.
